2026-05-08 20:59:23 INFO: 日志文件: D:\code\stock-n\backend\log\2026-05-08.log
2026-05-08 20:59:23 INFO: ============================================================
2026-05-08 20:59:23 INFO: N 规则筛选启动 - 目标日期: 2026-05-08
2026-05-08 20:59:23 INFO: ============================================================
2026-05-08 20:59:23 INFO: 目标日期: 2026-05-08，前一交易日(涨停日): 2026-05-07
2026-05-08 20:59:23 INFO: 从 zt_stock 表读取 2026-05-07 涨停股票 98 只
2026-05-08 20:59:23 INFO: 过滤 ST/*ST/北交所后剩余 98 只
2026-05-08 20:59:23 INFO: ❌ 中青宝 规则5失败：前30个交易日内无涨停记录
2026-05-08 20:59:23 INFO: ❌ 肇民科技 规则5失败：前30个交易日内无涨停记录
2026-05-08 20:59:23 INFO: ❌ 易点天下 规则5失败：前30个交易日内无涨停记录
2026-05-08 20:59:23 INFO: ❌ 聚杰微纤 步骤3失败：目标日涨停（80.05/70.67=1.1327 >= 1.1000）
2026-05-08 20:59:23 INFO: ❌ 德林海 规则4失败：前7日出现连续涨停（2026-05-07, 46.80 -> 56.16）
2026-05-08 20:59:23 INFO: ❌ 杰美特 规则5失败：前30个交易日内无涨停记录
2026-05-08 20:59:23 INFO: ❌ 炬光科技 规则5失败：前30个交易日内无涨停记录
2026-05-08 20:59:24 INFO: ❌ 天迈科技 步骤3失败：目标日跌停（59.46/67.22=0.8846 <= 0.9050）
2026-05-08 20:59:24 INFO: ❌ 华塑控股 规则5失败：前30个交易日内无涨停记录
2026-05-08 20:59:24 INFO: ✅ 中嘉博创 通过所有规则
2026-05-08 20:59:24 INFO: ❌ 安彩高科 规则5失败：前30个交易日内无涨停记录
2026-05-08 20:59:24 INFO: ❌ 北投科技 规则5失败：前30个交易日内无涨停记录
2026-05-08 20:59:24 INFO: ❌ 合力泰 规则4失败：前7日出现连续涨停（2026-05-07, 3.18 -> 3.50）
2026-05-08 20:59:24 INFO: ✅ 恒大高新 通过所有规则
2026-05-08 20:59:24 INFO: ✅ 厦工股份 通过所有规则
2026-05-08 20:59:24 INFO: ❌ 大唐发电 规则4失败：前7日出现连续涨停（2026-05-07, 4.58 -> 5.04）
2026-05-08 20:59:24 INFO: ❌ 继峰股份 规则5失败：前30个交易日内无涨停记录
2026-05-08 20:59:24 INFO: ❌ 波导股份 步骤3失败：目标日涨停（6.15/5.59=1.1002 >= 1.1000）
2026-05-08 20:59:24 INFO: ❌ 宏川智慧 步骤3失败：目标日涨停（16.04/14.58=1.1001 >= 1.1000）
2026-05-08 20:59:24 INFO: ✅ 武汉凡谷 通过所有规则
2026-05-08 20:59:24 INFO: ✅ 苏州高新 通过所有规则
2026-05-08 20:59:24 INFO: ❌ 航锦科技 规则4失败：前7日出现连续涨停（2026-05-07, 16.85 -> 18.54）
2026-05-08 20:59:24 INFO: ❌ 诚邦股份 规则4失败：前7日出现连续涨停（2026-05-07, 17.15 -> 18.87）
2026-05-08 20:59:24 INFO: ✅ 浦东建设 通过所有规则
2026-05-08 20:59:24 INFO: ❌ 信质集团 规则5失败：前30个交易日内无涨停记录
2026-05-08 20:59:24 INFO: ❌ 伟时电子 规则5失败：前30个交易日内无涨停记录
2026-05-08 20:59:24 INFO: ❌ 宝鼎科技 规则5失败：前30个交易日内无涨停记录
2026-05-08 20:59:24 INFO: ❌ 南威软件 步骤3失败：目标日涨停（11.11/10.10=1.1000 >= 1.1000）
2026-05-08 20:59:24 INFO: ❌ 金时科技 规则5失败：前30个交易日内无涨停记录
2026-05-08 20:59:24 INFO: ❌ 通鼎互联 步骤3失败：目标日涨停（20.66/18.78=1.1001 >= 1.1000）
2026-05-08 20:59:24 INFO: ❌ 金 螳 螂 规则4失败：前7日出现连续涨停（2026-05-06, 5.90 -> 6.49）
2026-05-08 20:59:24 INFO: ✅ 共达电声 通过所有规则
2026-05-08 20:59:24 INFO: ❌ 博实股份 规则5失败：前30个交易日内无涨停记录
2026-05-08 20:59:24 INFO: ❌ 三孚股份 规则5失败：前30个交易日内无涨停记录
2026-05-08 20:59:24 INFO: ✅ 泰晶科技 通过所有规则
2026-05-08 20:59:24 INFO: ❌ 东材科技 规则5失败：前30个交易日内无涨停记录
2026-05-08 20:59:24 INFO: ✅ 福鞍股份 通过所有规则
2026-05-08 20:59:24 INFO: ✅ 特发信息 通过所有规则
2026-05-08 20:59:24 INFO: ❌ 兴森科技 规则5失败：前30个交易日内无涨停记录
2026-05-08 20:59:24 INFO: ❌ 格林达 规则4失败：前7日出现连续涨停（2026-04-28, 34.47 -> 37.92）
2026-05-08 20:59:24 INFO: ❌ 福达合金 步骤3失败：目标日涨停（62.14/56.49=1.1000 >= 1.1000）
2026-05-08 20:59:24 INFO: ❌ 炼石航空 规则5失败：前30个交易日内无涨停记录
2026-05-08 20:59:24 INFO: ✅ 越剑智能 通过所有规则
2026-05-08 20:59:24 INFO: ✅ 山东玻纤 通过所有规则
2026-05-08 20:59:24 INFO: ✅ 润建股份 通过所有规则
2026-05-08 20:59:24 INFO: ❌ 石英股份 规则5失败：前30个交易日内无涨停记录
2026-05-08 20:59:24 INFO: ✅ 瑞斯康达 通过所有规则
2026-05-08 20:59:24 INFO: ❌ 上海港湾 规则5失败：前30个交易日内无涨停记录
2026-05-08 20:59:24 INFO: ❌ 好利科技 规则5失败：前30个交易日内无涨停记录
2026-05-08 20:59:24 INFO: ❌ 科华数据 规则5失败：前30个交易日内无涨停记录
2026-05-08 20:59:24 INFO: ❌ 杭电股份 规则4失败：前7日出现连续涨停（2026-05-07, 31.09 -> 34.20）
2026-05-08 20:59:24 INFO: ❌ 红板科技 步骤3失败：目标日涨停（81.05/73.68=1.1000 >= 1.1000）
2026-05-08 20:59:24 INFO: ✅ 中天科技 通过所有规则
2026-05-08 20:59:24 INFO: ✅ 协和电子 通过所有规则
2026-05-08 20:59:24 INFO: ✅ 东山精密 通过所有规则
2026-05-08 20:59:24 INFO: ✅ 大族激光 通过所有规则
2026-05-08 20:59:24 INFO: ❌ 新能泰山 步骤3失败：目标日涨停（5.69/5.17=1.1006 >= 1.1000）
2026-05-08 20:59:24 INFO: ❌ 中电鑫龙 规则5失败：前30个交易日内无涨停记录
2026-05-08 20:59:24 INFO: ❌ 中国长城 规则4失败：前7日出现连续涨停（2026-05-06, 19.82 -> 21.80）
2026-05-08 20:59:24 INFO: ✅ 长源东谷 通过所有规则
2026-05-08 20:59:24 INFO: ❌ 丰林集团 规则5失败：前30个交易日内无涨停记录
2026-05-08 20:59:24 INFO: ❌ 北京科锐 规则5失败：前30个交易日内无涨停记录
2026-05-08 20:59:24 INFO: ✅ 仁东控股 通过所有规则
2026-05-08 20:59:24 INFO: ❌ 振华股份 规则5失败：前30个交易日内无涨停记录
2026-05-08 20:59:24 INFO: ❌ 中毅达 规则5失败：前30个交易日内无涨停记录
2026-05-08 20:59:24 INFO: ❌ 宏和科技 规则4失败：前7日出现连续涨停（2026-05-07, 131.01 -> 144.11）
2026-05-08 20:59:24 INFO: ✅ 华懋科技 通过所有规则
2026-05-08 20:59:24 INFO: ❌ 新泉股份 规则5失败：前30个交易日内无涨停记录
2026-05-08 20:59:24 INFO: ✅ 盛视科技 通过所有规则
2026-05-08 20:59:24 INFO: ❌ 宇环数控 规则4失败：前7日出现连续涨停（2026-05-07, 41.11 -> 45.22）
2026-05-08 20:59:24 INFO: ✅ 华盛昌 通过所有规则
2026-05-08 20:59:24 INFO: ✅ 南兴股份 通过所有规则
2026-05-08 20:59:24 INFO: ✅ 和胜股份 通过所有规则
2026-05-08 20:59:24 INFO: ✅ 三人行 通过所有规则
2026-05-08 20:59:24 INFO: ✅ 巨力索具 通过所有规则
2026-05-08 20:59:24 INFO: ✅ 京泉华 通过所有规则
2026-05-08 20:59:24 INFO: ❌ 华电辽能 规则4失败：前7日出现连续涨停（2026-05-07, 10.91 -> 12.00）
2026-05-08 20:59:24 INFO: ❌ 菲林格尔 规则5失败：前30个交易日内无涨停记录
2026-05-08 20:59:24 INFO: ❌ 东阳光 规则4失败：前7日出现连续涨停（2026-05-07, 38.94 -> 42.83）
2026-05-08 20:59:24 INFO: ❌ 天永智能 规则5失败：前30个交易日内无涨停记录
2026-05-08 20:59:24 INFO: ❌ 中欣氟材 规则5失败：前30个交易日内无涨停记录
2026-05-08 20:59:24 INFO: ❌ 狮头股份 规则5失败：前30个交易日内无涨停记录
2026-05-08 20:59:24 INFO: ❌ 众生药业 步骤3失败：目标日涨停（22.54/20.49=1.1000 >= 1.1000）
2026-05-08 20:59:24 INFO: ❌ 大业股份 步骤3失败：目标日涨停（14.91/13.55=1.1004 >= 1.1000）
2026-05-08 20:59:24 INFO: ❌ 怡 亚 通 规则5失败：前30个交易日内无涨停记录
2026-05-08 20:59:24 INFO: ✅ 引力传媒 通过所有规则
2026-05-08 20:59:24 INFO: ✅ 中工国际 通过所有规则
2026-05-08 20:59:24 INFO: ✅ 盈峰环境 通过所有规则
2026-05-08 20:59:24 INFO: ❌ 宏昌电子 规则5失败：前30个交易日内无涨停记录
2026-05-08 20:59:24 INFO: ❌ 模塑科技 规则5失败：前30个交易日内无涨停记录
2026-05-08 20:59:24 INFO: ❌ 华达新材 步骤3失败：目标日跌停（8.15/9.04=0.9015 <= 0.9050）
2026-05-08 20:59:24 INFO: ✅ 彩虹股份 通过所有规则
2026-05-08 20:59:24 INFO: ❌ 超声电子 规则5失败：前30个交易日内无涨停记录
2026-05-08 20:59:24 INFO: ❌ 腾龙股份 规则4失败：前7日出现连续涨停（2026-05-07, 14.04 -> 15.44）
2026-05-08 20:59:24 INFO: ❌ 华电能源 规则4失败：前7日出现连续涨停（2026-04-27, 5.80 -> 6.38）
2026-05-08 20:59:24 INFO: ❌ 大连热电 规则4失败：前7日出现连续涨停（2026-05-07, 8.53 -> 9.38）
2026-05-08 20:59:24 INFO: ❌ 巨轮智能 规则5失败：前30个交易日内无涨停记录
2026-05-08 20:59:24 INFO: ❌ 中国能建 规则5失败：前30个交易日内无涨停记录
2026-05-08 20:59:24 INFO: ====== 筛选结果：共 98 只股票，通过 32 只，未通过 66 只 ======
2026-05-08 20:59:24 INFO: 2026-05-08 入库完成：zt_stock 32 条，stock_n 29 条。
2026-05-08 20:59:24 INFO: API 调用统计: get_zt_stock_list=0 次, get_day_detail=0 次
2026-05-08 20:59:24 INFO: ============================================================
2026-05-08 20:59:24 INFO: 筛选完成，日志文件: D:\code\stock-n\backend\log\2026-05-08.log
2026-05-08 20:59:24 INFO: ============================================================
