Error: EINTR: interrupted system call, read
    at Object.readSync (node:fs:740:18)
    at tryReadSync (node:fs:417:20)
    at readFileSync (node:fs:463:19)
    at t.readFileSync (node:electron/js2c/node_init:2:11013)
    at Object.Vr.t.readFileSync (/Users/vic/.trae-cn/extensions/vue.volar-3.2.9-universal/dist/extension.js:392:16602)
    at VscodeEditor.getFileContent (/Users/vic/.trae-cn/extensions/qiu8310.dot-template-vscode-0.4.0/out/adapter/VscodeEditor.js:187:19)
    at isFileEmpty (/Users/vic/.trae-cn/extensions/qiu8310.dot-template-vscode-0.4.0/node_modules/dot-template-core/out/core/commands/Command.js:65:113)
    at /Users/vic/.trae-cn/extensions/qiu8310.dot-template-vscode-0.4.0/node_modules/dot-template-core/out/core/commands/Command.js:72:80
    at Array.filter (<anonymous>)
    at CreateTemplateFilesCommand.Command.filter (/Users/vic/.trae-cn/extensions/qiu8310.dot-template-vscode-0.4.0/node_modules/dot-template-core/out/core/commands/Command.js:70:14)
    at new CreateTemplateFilesCommand (/Users/vic/.trae-cn/extensions/qiu8310.dot-template-vscode-0.4.0/node_modules/dot-template-core/out/core/commands/CreateTemplateFilesCommand.js:31:29)
    at /Users/vic/.trae-cn/extensions/qiu8310.dot-template-vscode-0.4.0/node_modules/dot-template-core/out/core/Commander.js:160:80
    at Commander.<anonymous> (/Users/vic/.trae-cn/extensions/qiu8310.dot-template-vscode-0.4.0/node_modules/dot-template-core/out/core/Commander.js:129:46)
    at step (/Users/vic/.trae-cn/extensions/qiu8310.dot-template-vscode-0.4.0/node_modules/dot-template-core/node_modules/tslib/tslib.js:133:27)
    at Object.next (/Users/vic/.trae-cn/extensions/qiu8310.dot-template-vscode-0.4.0/node_modules/dot-template-core/node_modules/tslib/tslib.js:114:57)
    at /Users/vic/.trae-cn/extensions/qiu8310.dot-template-vscode-0.4.0/node_modules/dot-template-core/node_modules/tslib/tslib.js:107:75
    at new Promise (<anonymous>)
    at Object.__awaiter (/Users/vic/.trae-cn/extensions/qiu8310.dot-template-vscode-0.4.0/node_modules/dot-template-core/node_modules/tslib/tslib.js:103:16)
    at Commander.wrap (/Users/vic/.trae-cn/extensions/qiu8310.dot-template-vscode-0.4.0/node_modules/dot-template-core/out/core/Commander.js:123:24)
    at Commander.<anonymous> (/Users/vic/.trae-cn/extensions/qiu8310.dot-template-vscode-0.4.0/node_modules/dot-template-core/out/core/Commander.js:160:44)
    at step (/Users/vic/.trae-cn/extensions/qiu8310.dot-template-vscode-0.4.0/node_modules/dot-template-core/node_modules/tslib/tslib.js:133:27)
    at Object.next (/Users/vic/.trae-cn/extensions/qiu8310.dot-template-vscode-0.4.0/node_modules/dot-template-core/node_modules/tslib/tslib.js:114:57)
    at /Users/vic/.trae-cn/extensions/qiu8310.dot-template-vscode-0.4.0/node_modules/dot-template-core/node_modules/tslib/tslib.js:107:75
    at new Promise (<anonymous>)
    at Object.__awaiter (/Users/vic/.trae-cn/extensions/qiu8310.dot-template-vscode-0.4.0/node_modules/dot-template-core/node_modules/tslib/tslib.js:103:16)
    at Commander.addCreateTemplateFilesCommand (/Users/vic/.trae-cn/extensions/qiu8310.dot-template-vscode-0.4.0/node_modules/dot-template-core/out/core/Commander.js:157:24)
    at Application.<anonymous> (/Users/vic/.trae-cn/extensions/qiu8310.dot-template-vscode-0.4.0/node_modules/dot-template-core/out/core/Application.js:49:61)
    at step (/Users/vic/.trae-cn/extensions/qiu8310.dot-template-vscode-0.4.0/node_modules/dot-template-core/node_modules/tslib/tslib.js:133:27)
    at Object.next (/Users/vic/.trae-cn/extensions/qiu8310.dot-template-vscode-0.4.0/node_modules/dot-template-core/node_modules/tslib/tslib.js:114:57)
    at /Users/vic/.trae-cn/extensions/qiu8310.dot-template-vscode-0.4.0/node_modules/dot-template-core/node_modules/tslib/tslib.js:107:75
    at new Promise (<anonymous>)
    at Object.__awaiter (/Users/vic/.trae-cn/extensions/qiu8310.dot-template-vscode-0.4.0/node_modules/dot-template-core/node_modules/tslib/tslib.js:103:16)
    at Application.createTemplateFiles (/Users/vic/.trae-cn/extensions/qiu8310.dot-template-vscode-0.4.0/node_modules/dot-template-core/out/core/Application.js:47:28)
    at Application.<anonymous> (/Users/vic/.trae-cn/extensions/qiu8310.dot-template-vscode-0.4.0/node_modules/dot-template-core/out/core/Application.js:109:51)
    at step (/Users/vic/.trae-cn/extensions/qiu8310.dot-template-vscode-0.4.0/node_modules/dot-template-core/node_modules/tslib/tslib.js:133:27)
    at Object.next (/Users/vic/.trae-cn/extensions/qiu8310.dot-template-vscode-0.4.0/node_modules/dot-template-core/node_modules/tslib/tslib.js:114:57)
    at /Users/vic/.trae-cn/extensions/qiu8310.dot-template-vscode-0.4.0/node_modules/dot-template-core/node_modules/tslib/tslib.js:107:75
    at new Promise (<anonymous>)
    at Object.__awaiter (/Users/vic/.trae-cn/extensions/qiu8310.dot-template-vscode-0.4.0/node_modules/dot-template-core/node_modules/tslib/tslib.js:103:16)
    at run (/Users/vic/.trae-cn/extensions/qiu8310.dot-template-vscode-0.4.0/node_modules/dot-template-core/out/core/Application.js:84:48)
    at Application.<anonymous> (/Users/vic/.trae-cn/extensions/qiu8310.dot-template-vscode-0.4.0/node_modules/dot-template-core/out/core/Application.js:153:50)
    at step (/Users/vic/.trae-cn/extensions/qiu8310.dot-template-vscode-0.4.0/node_modules/dot-template-core/node_modules/tslib/tslib.js:133:27)
    at Object.next (/Users/vic/.trae-cn/extensions/qiu8310.dot-template-vscode-0.4.0/node_modules/dot-template-core/node_modules/tslib/tslib.js:114:57)
    at /Users/vic/.trae-cn/extensions/qiu8310.dot-template-vscode-0.4.0/node_modules/dot-template-core/node_modules/tslib/tslib.js:107:75
    at new Promise (<anonymous>)
    at Object.__awaiter (/Users/vic/.trae-cn/extensions/qiu8310.dot-template-vscode-0.4.0/node_modules/dot-template-core/node_modules/tslib/tslib.js:103:16)
    at Timeout._onTimeout (/Users/vic/.trae-cn/extensions/qiu8310.dot-template-vscode-0.4.0/node_modules/dot-template-core/out/core/Application.js:144:59)
    at listOnTimeout (node:internal/timers:588:17)
    at processTimers (node:internal/timers:523:7)